CRITICAL - 2024-03-12 08:32:41 --> Invalid file: "layouts/sidebar.php"
in SYSTEMPATH\Exceptions\FrameworkException.php on line 39.
 1 SYSTEMPATH\View\View.php(214): CodeIgniter\Exceptions\FrameworkException::forInvalidFile('layouts/sidebar.php')
 2 SYSTEMPATH\Common.php(1188): CodeIgniter\View\View->render('layouts/sidebar', [], true)
 3 APPPATH\Controllers\Home.php(10): view('layouts/sidebar')
 4 SYSTEMPATH\CodeIgniter.php(919): App\Controllers\Home->index()
 5 SYSTEMPATH\CodeIgniter.php(494): CodeIgniter\CodeIgniter->runController(Object(App\Controllers\Home))
 6 SYSTEMPATH\CodeIgniter.php(353): CodeIgniter\CodeIgniter->handleRequest(null, Object(Config\Cache), false)
 7 FCPATH\index.php(79): CodeIgniter\CodeIgniter->run()
 8 SYSTEMPATH\Commands\Server\rewrite.php(47): require_once('C:\\laragon\\www\\dmts_e-gov_final\\public\\index.php')
CRITICAL - 2024-03-12 10:12:03 --> Invalid file: "layouts/frontend.php"
in SYSTEMPATH\Exceptions\FrameworkException.php on line 39.
 1 SYSTEMPATH\View\View.php(214): CodeIgniter\Exceptions\FrameworkException::forInvalidFile('layouts/frontend.php')
 2 SYSTEMPATH\View\View.php(242): CodeIgniter\View\View->render('layouts/frontend.php', [], true)
 3 SYSTEMPATH\Common.php(1188): CodeIgniter\View\View->render('auth/login', [], true)
 4 APPPATH\Controllers\LoginController.php(59): view('auth/login', [])
 5 SYSTEMPATH\CodeIgniter.php(919): App\Controllers\LoginController->index()
 6 SYSTEMPATH\CodeIgniter.php(494): CodeIgniter\CodeIgniter->runController(Object(App\Controllers\LoginController))
 7 SYSTEMPATH\CodeIgniter.php(353): CodeIgniter\CodeIgniter->handleRequest(null, Object(Config\Cache), false)
 8 FCPATH\index.php(79): CodeIgniter\CodeIgniter->run()
 9 SYSTEMPATH\Commands\Server\rewrite.php(47): require_once('C:\\laragon\\www\\dmts_e-gov_final\\public\\index.php')
CRITICAL - 2024-03-12 10:12:05 --> Invalid file: "layouts/frontend.php"
in SYSTEMPATH\Exceptions\FrameworkException.php on line 39.
 1 SYSTEMPATH\View\View.php(214): CodeIgniter\Exceptions\FrameworkException::forInvalidFile('layouts/frontend.php')
 2 SYSTEMPATH\View\View.php(242): CodeIgniter\View\View->render('layouts/frontend.php', [], true)
 3 SYSTEMPATH\Common.php(1188): CodeIgniter\View\View->render('auth/login', [], true)
 4 APPPATH\Controllers\LoginController.php(59): view('auth/login', [])
 5 SYSTEMPATH\CodeIgniter.php(919): App\Controllers\LoginController->index()
 6 SYSTEMPATH\CodeIgniter.php(494): CodeIgniter\CodeIgniter->runController(Object(App\Controllers\LoginController))
 7 SYSTEMPATH\CodeIgniter.php(353): CodeIgniter\CodeIgniter->handleRequest(null, Object(Config\Cache), false)
 8 FCPATH\index.php(79): CodeIgniter\CodeIgniter->run()
 9 SYSTEMPATH\Commands\Server\rewrite.php(47): require_once('C:\\laragon\\www\\dmts_e-gov_final\\public\\index.php')
CRITICAL - 2024-03-12 10:12:08 --> Invalid file: "layouts/frontend.php"
in SYSTEMPATH\Exceptions\FrameworkException.php on line 39.
 1 SYSTEMPATH\View\View.php(214): CodeIgniter\Exceptions\FrameworkException::forInvalidFile('layouts/frontend.php')
 2 SYSTEMPATH\View\View.php(242): CodeIgniter\View\View->render('layouts/frontend.php', [], true)
 3 SYSTEMPATH\Common.php(1188): CodeIgniter\View\View->render('auth/login', [], true)
 4 APPPATH\Controllers\LoginController.php(59): view('auth/login', [])
 5 SYSTEMPATH\CodeIgniter.php(919): App\Controllers\LoginController->index()
 6 SYSTEMPATH\CodeIgniter.php(494): CodeIgniter\CodeIgniter->runController(Object(App\Controllers\LoginController))
 7 SYSTEMPATH\CodeIgniter.php(353): CodeIgniter\CodeIgniter->handleRequest(null, Object(Config\Cache), false)
 8 FCPATH\index.php(79): CodeIgniter\CodeIgniter->run()
 9 SYSTEMPATH\Commands\Server\rewrite.php(47): require_once('C:\\laragon\\www\\dmts_e-gov_final\\public\\index.php')
CRITICAL - 2024-03-12 10:13:31 --> Invalid file: "layouts/frontend.php"
in SYSTEMPATH\Exceptions\FrameworkException.php on line 39.
 1 SYSTEMPATH\View\View.php(214): CodeIgniter\Exceptions\FrameworkException::forInvalidFile('layouts/frontend.php')
 2 SYSTEMPATH\View\View.php(242): CodeIgniter\View\View->render('layouts/frontend.php', [], true)
 3 SYSTEMPATH\Common.php(1188): CodeIgniter\View\View->render('auth/login', [], true)
 4 APPPATH\Controllers\LoginController.php(59): view('auth/login', [])
 5 SYSTEMPATH\CodeIgniter.php(919): App\Controllers\LoginController->index()
 6 SYSTEMPATH\CodeIgniter.php(494): CodeIgniter\CodeIgniter->runController(Object(App\Controllers\LoginController))
 7 SYSTEMPATH\CodeIgniter.php(353): CodeIgniter\CodeIgniter->handleRequest(null, Object(Config\Cache), false)
 8 FCPATH\index.php(79): CodeIgniter\CodeIgniter->run()
 9 SYSTEMPATH\Commands\Server\rewrite.php(47): require_once('C:\\laragon\\www\\dmts_e-gov_final\\public\\index.php')
ERROR - 2024-03-12 10:35:01 --> Error connecting to the database: mysqli_sql_exception: Access denied for user ''@'localhost' (using password: YES) in C:\laragon\www\dmts_e-gov_final\system\Database\MySQLi\Connection.php:185
Stack trace:
#0 C:\laragon\www\dmts_e-gov_final\system\Database\MySQLi\Connection.php(185): mysqli->real_connect('localhost', '', '', '', 3306, '', 0)
#1 C:\laragon\www\dmts_e-gov_final\system\Database\BaseConnection.php(391): CodeIgniter\Database\MySQLi\Connection->connect(false)
#2 C:\laragon\www\dmts_e-gov_final\system\Database\BaseConnection.php(574): CodeIgniter\Database\BaseConnection->initialize()
#3 C:\laragon\www\dmts_e-gov_final\system\Database\BaseBuilder.php(1615): CodeIgniter\Database\BaseConnection->query('SELECT *\nFROM `...', Array, false)
#4 C:\laragon\www\dmts_e-gov_final\system\Model.php(264): CodeIgniter\Database\BaseBuilder->get()
#5 C:\laragon\www\dmts_e-gov_final\system\BaseModel.php(662): CodeIgniter\Model->doFirst()
#6 C:\laragon\www\dmts_e-gov_final\app\Controllers\SigninController.php(25): CodeIgniter\BaseModel->first()
#7 C:\laragon\www\dmts_e-gov_final\system\CodeIgniter.php(919): App\Controllers\SigninController->loginAuth()
#8 C:\laragon\www\dmts_e-gov_final\system\CodeIgniter.php(494): CodeIgniter\CodeIgniter->runController(Object(App\Controllers\SigninController))
#9 C:\laragon\www\dmts_e-gov_final\system\CodeIgniter.php(353): CodeIgniter\CodeIgniter->handleRequest(NULL, Object(Config\Cache), false)
#10 C:\laragon\www\dmts_e-gov_final\public\index.php(79): CodeIgniter\CodeIgniter->run()
#11 C:\laragon\www\dmts_e-gov_final\system\Commands\Server\rewrite.php(47): require_once('C:\\laragon\\www\\...')
#12 {main}

Next CodeIgniter\Database\Exceptions\DatabaseException: Access denied for user ''@'localhost' (using password: YES) in C:\laragon\www\dmts_e-gov_final\system\Database\MySQLi\Connection.php:229
Stack trace:
#0 C:\laragon\www\dmts_e-gov_final\system\Database\BaseConnection.php(391): CodeIgniter\Database\MySQLi\Connection->connect(false)
#1 C:\laragon\www\dmts_e-gov_final\system\Database\BaseConnection.php(574): CodeIgniter\Database\BaseConnection->initialize()
#2 C:\laragon\www\dmts_e-gov_final\system\Database\BaseBuilder.php(1615): CodeIgniter\Database\BaseConnection->query('SELECT *\nFROM `...', Array, false)
#3 C:\laragon\www\dmts_e-gov_final\system\Model.php(264): CodeIgniter\Database\BaseBuilder->get()
#4 C:\laragon\www\dmts_e-gov_final\system\BaseModel.php(662): CodeIgniter\Model->doFirst()
#5 C:\laragon\www\dmts_e-gov_final\app\Controllers\SigninController.php(25): CodeIgniter\BaseModel->first()
#6 C:\laragon\www\dmts_e-gov_final\system\CodeIgniter.php(919): App\Controllers\SigninController->loginAuth()
#7 C:\laragon\www\dmts_e-gov_final\system\CodeIgniter.php(494): CodeIgniter\CodeIgniter->runController(Object(App\Controllers\SigninController))
#8 C:\laragon\www\dmts_e-gov_final\system\CodeIgniter.php(353): CodeIgniter\CodeIgniter->handleRequest(NULL, Object(Config\Cache), false)
#9 C:\laragon\www\dmts_e-gov_final\public\index.php(79): CodeIgniter\CodeIgniter->run()
#10 C:\laragon\www\dmts_e-gov_final\system\Commands\Server\rewrite.php(47): require_once('C:\\laragon\\www\\...')
#11 {main}
CRITICAL - 2024-03-12 10:35:01 --> Unable to connect to the database.
Main connection [MySQLi]: Access denied for user ''@'localhost' (using password: YES)
in SYSTEMPATH\Database\BaseConnection.php on line 427.
 1 SYSTEMPATH\Database\BaseConnection.php(574): CodeIgniter\Database\BaseConnection->initialize()
 2 SYSTEMPATH\Database\BaseBuilder.php(1615): CodeIgniter\Database\BaseConnection->query('SELECT *
FROM `users`
WHERE `email` = :email:
 LIMIT 1', [...], false)
 3 SYSTEMPATH\Model.php(264): CodeIgniter\Database\BaseBuilder->get()
 4 SYSTEMPATH\BaseModel.php(662): CodeIgniter\Model->doFirst()
 5 APPPATH\Controllers\SigninController.php(25): CodeIgniter\BaseModel->first()
 6 SYSTEMPATH\CodeIgniter.php(919): App\Controllers\SigninController->loginAuth()
 7 SYSTEMPATH\CodeIgniter.php(494): CodeIgniter\CodeIgniter->runController(Object(App\Controllers\SigninController))
 8 SYSTEMPATH\CodeIgniter.php(353): CodeIgniter\CodeIgniter->handleRequest(null, Object(Config\Cache), false)
 9 FCPATH\index.php(79): CodeIgniter\CodeIgniter->run()
10 SYSTEMPATH\Commands\Server\rewrite.php(47): require_once('C:\\laragon\\www\\dmts_e-gov_final\\public\\index.php')
ERROR - 2024-03-12 10:36:13 --> Error connecting to the database: mysqli_sql_exception: Access denied for user ''@'localhost' (using password: YES) in C:\laragon\www\dmts_e-gov_final\system\Database\MySQLi\Connection.php:185
Stack trace:
#0 C:\laragon\www\dmts_e-gov_final\system\Database\MySQLi\Connection.php(185): mysqli->real_connect('localhost', '', '', '', 3306, '', 0)
#1 C:\laragon\www\dmts_e-gov_final\system\Database\BaseConnection.php(391): CodeIgniter\Database\MySQLi\Connection->connect(false)
#2 C:\laragon\www\dmts_e-gov_final\system\Database\BaseConnection.php(574): CodeIgniter\Database\BaseConnection->initialize()
#3 C:\laragon\www\dmts_e-gov_final\system\Database\BaseBuilder.php(1615): CodeIgniter\Database\BaseConnection->query('SELECT *\nFROM `...', Array, false)
#4 C:\laragon\www\dmts_e-gov_final\system\Model.php(264): CodeIgniter\Database\BaseBuilder->get()
#5 C:\laragon\www\dmts_e-gov_final\system\BaseModel.php(662): CodeIgniter\Model->doFirst()
#6 C:\laragon\www\dmts_e-gov_final\app\Controllers\SigninController.php(25): CodeIgniter\BaseModel->first()
#7 C:\laragon\www\dmts_e-gov_final\system\CodeIgniter.php(919): App\Controllers\SigninController->loginAuth()
#8 C:\laragon\www\dmts_e-gov_final\system\CodeIgniter.php(494): CodeIgniter\CodeIgniter->runController(Object(App\Controllers\SigninController))
#9 C:\laragon\www\dmts_e-gov_final\system\CodeIgniter.php(353): CodeIgniter\CodeIgniter->handleRequest(NULL, Object(Config\Cache), false)
#10 C:\laragon\www\dmts_e-gov_final\public\index.php(79): CodeIgniter\CodeIgniter->run()
#11 C:\laragon\www\dmts_e-gov_final\system\Commands\Server\rewrite.php(47): require_once('C:\\laragon\\www\\...')
#12 {main}

Next CodeIgniter\Database\Exceptions\DatabaseException: Access denied for user ''@'localhost' (using password: YES) in C:\laragon\www\dmts_e-gov_final\system\Database\MySQLi\Connection.php:229
Stack trace:
#0 C:\laragon\www\dmts_e-gov_final\system\Database\BaseConnection.php(391): CodeIgniter\Database\MySQLi\Connection->connect(false)
#1 C:\laragon\www\dmts_e-gov_final\system\Database\BaseConnection.php(574): CodeIgniter\Database\BaseConnection->initialize()
#2 C:\laragon\www\dmts_e-gov_final\system\Database\BaseBuilder.php(1615): CodeIgniter\Database\BaseConnection->query('SELECT *\nFROM `...', Array, false)
#3 C:\laragon\www\dmts_e-gov_final\system\Model.php(264): CodeIgniter\Database\BaseBuilder->get()
#4 C:\laragon\www\dmts_e-gov_final\system\BaseModel.php(662): CodeIgniter\Model->doFirst()
#5 C:\laragon\www\dmts_e-gov_final\app\Controllers\SigninController.php(25): CodeIgniter\BaseModel->first()
#6 C:\laragon\www\dmts_e-gov_final\system\CodeIgniter.php(919): App\Controllers\SigninController->loginAuth()
#7 C:\laragon\www\dmts_e-gov_final\system\CodeIgniter.php(494): CodeIgniter\CodeIgniter->runController(Object(App\Controllers\SigninController))
#8 C:\laragon\www\dmts_e-gov_final\system\CodeIgniter.php(353): CodeIgniter\CodeIgniter->handleRequest(NULL, Object(Config\Cache), false)
#9 C:\laragon\www\dmts_e-gov_final\public\index.php(79): CodeIgniter\CodeIgniter->run()
#10 C:\laragon\www\dmts_e-gov_final\system\Commands\Server\rewrite.php(47): require_once('C:\\laragon\\www\\...')
#11 {main}
CRITICAL - 2024-03-12 10:36:13 --> Unable to connect to the database.
Main connection [MySQLi]: Access denied for user ''@'localhost' (using password: YES)
in SYSTEMPATH\Database\BaseConnection.php on line 427.
 1 SYSTEMPATH\Database\BaseConnection.php(574): CodeIgniter\Database\BaseConnection->initialize()
 2 SYSTEMPATH\Database\BaseBuilder.php(1615): CodeIgniter\Database\BaseConnection->query('SELECT *
FROM `users`
WHERE `email` = :email:
 LIMIT 1', [...], false)
 3 SYSTEMPATH\Model.php(264): CodeIgniter\Database\BaseBuilder->get()
 4 SYSTEMPATH\BaseModel.php(662): CodeIgniter\Model->doFirst()
 5 APPPATH\Controllers\SigninController.php(25): CodeIgniter\BaseModel->first()
 6 SYSTEMPATH\CodeIgniter.php(919): App\Controllers\SigninController->loginAuth()
 7 SYSTEMPATH\CodeIgniter.php(494): CodeIgniter\CodeIgniter->runController(Object(App\Controllers\SigninController))
 8 SYSTEMPATH\CodeIgniter.php(353): CodeIgniter\CodeIgniter->handleRequest(null, Object(Config\Cache), false)
 9 FCPATH\index.php(79): CodeIgniter\CodeIgniter->run()
10 SYSTEMPATH\Commands\Server\rewrite.php(47): require_once('C:\\laragon\\www\\dmts_e-gov_final\\public\\index.php')
ERROR - 2024-03-12 10:36:56 --> Error connecting to the database: mysqli_sql_exception: Access denied for user ''@'localhost' (using password: YES) in C:\laragon\www\dmts_e-gov_final\system\Database\MySQLi\Connection.php:185
Stack trace:
#0 C:\laragon\www\dmts_e-gov_final\system\Database\MySQLi\Connection.php(185): mysqli->real_connect('localhost', '', '', '', 3306, '', 0)
#1 C:\laragon\www\dmts_e-gov_final\system\Database\BaseConnection.php(391): CodeIgniter\Database\MySQLi\Connection->connect(false)
#2 C:\laragon\www\dmts_e-gov_final\system\Database\BaseConnection.php(574): CodeIgniter\Database\BaseConnection->initialize()
#3 C:\laragon\www\dmts_e-gov_final\system\Database\BaseBuilder.php(1615): CodeIgniter\Database\BaseConnection->query('SELECT *\nFROM `...', Array, false)
#4 C:\laragon\www\dmts_e-gov_final\system\Model.php(264): CodeIgniter\Database\BaseBuilder->get()
#5 C:\laragon\www\dmts_e-gov_final\system\BaseModel.php(662): CodeIgniter\Model->doFirst()
#6 C:\laragon\www\dmts_e-gov_final\app\Controllers\SigninController.php(25): CodeIgniter\BaseModel->first()
#7 C:\laragon\www\dmts_e-gov_final\system\CodeIgniter.php(919): App\Controllers\SigninController->loginAuth()
#8 C:\laragon\www\dmts_e-gov_final\system\CodeIgniter.php(494): CodeIgniter\CodeIgniter->runController(Object(App\Controllers\SigninController))
#9 C:\laragon\www\dmts_e-gov_final\system\CodeIgniter.php(353): CodeIgniter\CodeIgniter->handleRequest(NULL, Object(Config\Cache), false)
#10 C:\laragon\www\dmts_e-gov_final\public\index.php(79): CodeIgniter\CodeIgniter->run()
#11 C:\laragon\www\dmts_e-gov_final\system\Commands\Server\rewrite.php(47): require_once('C:\\laragon\\www\\...')
#12 {main}

Next CodeIgniter\Database\Exceptions\DatabaseException: Access denied for user ''@'localhost' (using password: YES) in C:\laragon\www\dmts_e-gov_final\system\Database\MySQLi\Connection.php:229
Stack trace:
#0 C:\laragon\www\dmts_e-gov_final\system\Database\BaseConnection.php(391): CodeIgniter\Database\MySQLi\Connection->connect(false)
#1 C:\laragon\www\dmts_e-gov_final\system\Database\BaseConnection.php(574): CodeIgniter\Database\BaseConnection->initialize()
#2 C:\laragon\www\dmts_e-gov_final\system\Database\BaseBuilder.php(1615): CodeIgniter\Database\BaseConnection->query('SELECT *\nFROM `...', Array, false)
#3 C:\laragon\www\dmts_e-gov_final\system\Model.php(264): CodeIgniter\Database\BaseBuilder->get()
#4 C:\laragon\www\dmts_e-gov_final\system\BaseModel.php(662): CodeIgniter\Model->doFirst()
#5 C:\laragon\www\dmts_e-gov_final\app\Controllers\SigninController.php(25): CodeIgniter\BaseModel->first()
#6 C:\laragon\www\dmts_e-gov_final\system\CodeIgniter.php(919): App\Controllers\SigninController->loginAuth()
#7 C:\laragon\www\dmts_e-gov_final\system\CodeIgniter.php(494): CodeIgniter\CodeIgniter->runController(Object(App\Controllers\SigninController))
#8 C:\laragon\www\dmts_e-gov_final\system\CodeIgniter.php(353): CodeIgniter\CodeIgniter->handleRequest(NULL, Object(Config\Cache), false)
#9 C:\laragon\www\dmts_e-gov_final\public\index.php(79): CodeIgniter\CodeIgniter->run()
#10 C:\laragon\www\dmts_e-gov_final\system\Commands\Server\rewrite.php(47): require_once('C:\\laragon\\www\\...')
#11 {main}
CRITICAL - 2024-03-12 10:36:56 --> Unable to connect to the database.
Main connection [MySQLi]: Access denied for user ''@'localhost' (using password: YES)
in SYSTEMPATH\Database\BaseConnection.php on line 427.
 1 SYSTEMPATH\Database\BaseConnection.php(574): CodeIgniter\Database\BaseConnection->initialize()
 2 SYSTEMPATH\Database\BaseBuilder.php(1615): CodeIgniter\Database\BaseConnection->query('SELECT *
FROM `users`
WHERE `email` = :email:
 LIMIT 1', [...], false)
 3 SYSTEMPATH\Model.php(264): CodeIgniter\Database\BaseBuilder->get()
 4 SYSTEMPATH\BaseModel.php(662): CodeIgniter\Model->doFirst()
 5 APPPATH\Controllers\SigninController.php(25): CodeIgniter\BaseModel->first()
 6 SYSTEMPATH\CodeIgniter.php(919): App\Controllers\SigninController->loginAuth()
 7 SYSTEMPATH\CodeIgniter.php(494): CodeIgniter\CodeIgniter->runController(Object(App\Controllers\SigninController))
 8 SYSTEMPATH\CodeIgniter.php(353): CodeIgniter\CodeIgniter->handleRequest(null, Object(Config\Cache), false)
 9 FCPATH\index.php(79): CodeIgniter\CodeIgniter->run()
10 SYSTEMPATH\Commands\Server\rewrite.php(47): require_once('C:\\laragon\\www\\dmts_e-gov_final\\public\\index.php')
ERROR - 2024-03-12 10:45:13 --> mysqli_sql_exception: Table 'dmts_final.users' doesn't exist in C:\laragon\www\dmts_e-gov_final\system\Database\MySQLi\Connection.php:306
Stack trace:
#0 C:\laragon\www\dmts_e-gov_final\system\Database\MySQLi\Connection.php(306): mysqli->query('SELECT *\nFROM `...', 0)
#1 C:\laragon\www\dmts_e-gov_final\system\Database\BaseConnection.php(692): CodeIgniter\Database\MySQLi\Connection->execute('SELECT *\nFROM `...')
#2 C:\laragon\www\dmts_e-gov_final\system\Database\BaseConnection.php(606): CodeIgniter\Database\BaseConnection->simpleQuery('SELECT *\nFROM `...')
#3 C:\laragon\www\dmts_e-gov_final\system\Database\BaseBuilder.php(1615): CodeIgniter\Database\BaseConnection->query('SELECT *\nFROM `...', Array, false)
#4 C:\laragon\www\dmts_e-gov_final\system\Model.php(264): CodeIgniter\Database\BaseBuilder->get()
#5 C:\laragon\www\dmts_e-gov_final\system\BaseModel.php(662): CodeIgniter\Model->doFirst()
#6 C:\laragon\www\dmts_e-gov_final\app\Controllers\SigninController.php(25): CodeIgniter\BaseModel->first()
#7 C:\laragon\www\dmts_e-gov_final\system\CodeIgniter.php(919): App\Controllers\SigninController->loginAuth()
#8 C:\laragon\www\dmts_e-gov_final\system\CodeIgniter.php(494): CodeIgniter\CodeIgniter->runController(Object(App\Controllers\SigninController))
#9 C:\laragon\www\dmts_e-gov_final\system\CodeIgniter.php(353): CodeIgniter\CodeIgniter->handleRequest(NULL, Object(Config\Cache), false)
#10 C:\laragon\www\dmts_e-gov_final\public\index.php(79): CodeIgniter\CodeIgniter->run()
#11 C:\laragon\www\dmts_e-gov_final\system\Commands\Server\rewrite.php(47): require_once('C:\\laragon\\www\\...')
#12 {main}
CRITICAL - 2024-03-12 10:45:13 --> Table 'dmts_final.users' doesn't exist
in SYSTEMPATH\Database\BaseConnection.php on line 646.
 1 SYSTEMPATH\Database\BaseBuilder.php(1615): CodeIgniter\Database\BaseConnection->query('SELECT *
FROM `users`
WHERE `email` = :email:
 LIMIT 1', [...], false)
 2 SYSTEMPATH\Model.php(264): CodeIgniter\Database\BaseBuilder->get()
 3 SYSTEMPATH\BaseModel.php(662): CodeIgniter\Model->doFirst()
 4 APPPATH\Controllers\SigninController.php(25): CodeIgniter\BaseModel->first()
 5 SYSTEMPATH\CodeIgniter.php(919): App\Controllers\SigninController->loginAuth()
 6 SYSTEMPATH\CodeIgniter.php(494): CodeIgniter\CodeIgniter->runController(Object(App\Controllers\SigninController))
 7 SYSTEMPATH\CodeIgniter.php(353): CodeIgniter\CodeIgniter->handleRequest(null, Object(Config\Cache), false)
 8 FCPATH\index.php(79): CodeIgniter\CodeIgniter->run()
 9 SYSTEMPATH\Commands\Server\rewrite.php(47): require_once('C:\\laragon\\www\\dmts_e-gov_final\\public\\index.php')
ERROR - 2024-03-12 23:57:10 --> Email: sendWithSmtp throwed ErrorException: fsockopen(): SSL operation failed with code 1. OpenSSL Error messages:
error:1416F086:SSL routines:tls_process_server_certificate:certificate verify failed in C:\laragon\www\dmts_e-gov_final\system\Email\Email.php:1888
Stack trace:
#0 [internal function]: CodeIgniter\Debug\Exceptions->errorHandler(2, 'fsockopen(): SS...', 'C:\\laragon\\www\\...', 1888)
#1 C:\laragon\www\dmts_e-gov_final\system\Email\Email.php(1888): fsockopen('ssl://smtp.gmai...', 465, NULL, NULL, 5)
#2 C:\laragon\www\dmts_e-gov_final\system\Email\Email.php(1796): CodeIgniter\Email\Email->SMTPConnect()
#3 C:\laragon\www\dmts_e-gov_final\system\Email\Email.php(1681): CodeIgniter\Email\Email->sendWithSmtp()
#4 C:\laragon\www\dmts_e-gov_final\system\Email\Email.php(1575): CodeIgniter\Email\Email->spoolEmail()
#5 C:\laragon\www\dmts_e-gov_final\app\Controllers\RegisterController.php(54): CodeIgniter\Email\Email->send()
#6 C:\laragon\www\dmts_e-gov_final\system\CodeIgniter.php(919): App\Controllers\RegisterController->index()
#7 C:\laragon\www\dmts_e-gov_final\system\CodeIgniter.php(494): CodeIgniter\CodeIgniter->runController(Object(App\Controllers\RegisterController))
#8 C:\laragon\www\dmts_e-gov_final\system\CodeIgniter.php(353): CodeIgniter\CodeIgniter->handleRequest(NULL, Object(Config\Cache), false)
#9 C:\laragon\www\dmts_e-gov_final\public\index.php(79): CodeIgniter\CodeIgniter->run()
#10 C:\laragon\www\dmts_e-gov_final\system\Commands\Server\rewrite.php(47): require_once('C:\\laragon\\www\\...')
#11 {main}
ERROR - 2024-03-12 23:57:10 --> Email: Unable to send email using SMTP. Your server might not be configured to send mail using this method.
ERROR - 2024-03-12 23:57:10 --> 
